<?xml version="1.0" encoding="UTF-8"?>
<!-- Generated by org.testng.reporters.JUnitXMLReporter -->
<testsuite hostname="CreativeCat" ignored="0" name="FireFoxTest" tests="1" failures="1" timestamp="2022-03-11T16:14:02 IST" time="0.05" errors="0">
  <testcase name="demo" time="0.006" classname="com.testcases.DryRun">
    <failure type="java.lang.NullPointerException">
      <![CDATA[java.lang.NullPointerException
at com.testcases.DryRun.demo(DryRun.java:19)
at java.util.ArrayList.forEach(Unknown Source)
... Removed 28 stack frames]]>
    </failure>
  </testcase> <!-- demo -->
</testsuite> <!-- FireFoxTest -->
