<?xml version="1.0" encoding="UTF-8"?>
<testng-results skipped="0" failed="0" ignored="1" total="2" passed="1">
  <reporter-output>
  </reporter-output>
  <suite name="Default suite" duration-ms="38" started-at="2022-04-27T09:34:13 IST" finished-at="2022-04-27T09:34:13 IST">
    <groups>
    </groups>
    <test name="Default test" duration-ms="38" started-at="2022-04-27T09:34:13 IST" finished-at="2022-04-27T09:34:13 IST">
      <class name="com.testngDemo.Demo">
        <test-method status="PASS" signature="testRun()[pri:-1, instance:com.testngDemo.Demo@6a1aab78]" name="testRun" duration-ms="7" started-at="2022-04-27T09:34:13 IST" finished-at="2022-04-27T09:34:13 IST">
          <reporter-output>
          </reporter-output>
        </test-method> <!-- testRun -->
      </class> <!-- com.testngDemo.Demo -->
    </test> <!-- Default test -->
  </suite> <!-- Default suite -->
</testng-results>
