<?xml version="1.0" encoding="UTF-8"?>
<testng-results skipped="0" failed="0" ignored="0" total="1" passed="1">
  <reporter-output>
  </reporter-output>
  <suite name="Default suite" duration-ms="12115" started-at="2022-06-01T07:49:38 IST" finished-at="2022-06-01T07:49:51 IST">
    <groups>
    </groups>
    <test name="Default test" duration-ms="12115" started-at="2022-06-01T07:49:38 IST" finished-at="2022-06-01T07:49:51 IST">
      <class name="com.trial.Upload">
        <test-method status="PASS" signature="uploadFile()[pri:0, instance:com.trial.Upload@37374a5e]" name="uploadFile" duration-ms="12073" started-at="2022-06-01T07:49:38 IST" finished-at="2022-06-01T07:49:51 IST">
          <reporter-output>
          </reporter-output>
        </test-method> <!-- uploadFile -->
      </class> <!-- com.trial.Upload -->
    </test> <!-- Default test -->
  </suite> <!-- Default suite -->
</testng-results>
